{"/media/andredezzy/Synchronized/Programming/GitHub Projects/Personal Projects/rocketseat-gostack/gobarber/mobile/src/components/Button/index.tsx": {"path":"/media/andredezzy/Synchronized/Programming/GitHub Projects/Personal Projects/rocketseat-gostack/gobarber/mobile/src/components/Button/index.tsx","statementMap":{"0":{"start":{"line":10,"column":38},"end":{"line":14,"column":1}},"1":{"start":{"line":11,"column":2},"end":{"line":13,"column":14}}},"fnMap":{"0":{"name":"(anonymous_0)","decl":{"start":{"line":10,"column":38},"end":{"line":10,"column":39}},"loc":{"start":{"line":11,"column":2},"end":{"line":13,"column":14}},"line":11}},"branchMap":{},"s":{"0":1,"1":1},"f":{"0":1},"b":{},"_coverageSchema":"43e27e138ebf9cfc5966b082cf9a028302ed4184","hash":"97ebc64737ee94625812ccdd70b5ca5d7374ead4"}
,"/media/andredezzy/Synchronized/Programming/GitHub Projects/Personal Projects/rocketseat-gostack/gobarber/mobile/src/components/Input/index.tsx": {"path":"/media/andredezzy/Synchronized/Programming/GitHub Projects/Personal Projects/rocketseat-gostack/gobarber/mobile/src/components/Input/index.tsx","statementMap":{"0":{"start":{"line":28,"column":66},"end":{"line":94,"column":1}},"1":{"start":{"line":32,"column":26},"end":{"line":32,"column":43}},"2":{"start":{"line":34,"column":65},"end":{"line":34,"column":79}},"3":{"start":{"line":35,"column":24},"end":{"line":35,"column":76}},"4":{"start":{"line":37,"column":36},"end":{"line":37,"column":51}},"5":{"start":{"line":38,"column":34},"end":{"line":38,"column":49}},"6":{"start":{"line":40,"column":27},"end":{"line":42,"column":8}},"7":{"start":{"line":41,"column":4},"end":{"line":41,"column":23}},"8":{"start":{"line":44,"column":26},"end":{"line":48,"column":8}},"9":{"start":{"line":45,"column":4},"end":{"line":45,"column":24}},"10":{"start":{"line":47,"column":4},"end":{"line":47,"column":47}},"11":{"start":{"line":50,"column":2},"end":{"line":54,"column":6}},"12":{"start":{"line":50,"column":34},"end":{"line":54,"column":3}},"13":{"start":{"line":52,"column":6},"end":{"line":52,"column":38}},"14":{"start":{"line":56,"column":2},"end":{"line":70,"column":33}},"15":{"start":{"line":57,"column":4},"end":{"line":69,"column":7}},"16":{"start":{"line":62,"column":8},"end":{"line":62,"column":44}},"17":{"start":{"line":63,"column":8},"end":{"line":63,"column":64}},"18":{"start":{"line":66,"column":8},"end":{"line":66,"column":41}},"19":{"start":{"line":67,"column":8},"end":{"line":67,"column":40}},"20":{"start":{"line":72,"column":2},"end":{"line":93,"column":4}},"21":{"start":{"line":88,"column":10},"end":{"line":88,"column":46}}},"fnMap":{"0":{"name":"(anonymous_0)","decl":{"start":{"line":28,"column":66},"end":{"line":28,"column":67}},"loc":{"start":{"line":31,"column":5},"end":{"line":94,"column":1}},"line":31},"1":{"name":"(anonymous_1)","decl":{"start":{"line":40,"column":39},"end":{"line":40,"column":40}},"loc":{"start":{"line":40,"column":45},"end":{"line":42,"column":3}},"line":40},"2":{"name":"(anonymous_2)","decl":{"start":{"line":44,"column":38},"end":{"line":44,"column":39}},"loc":{"start":{"line":44,"column":44},"end":{"line":48,"column":3}},"line":44},"3":{"name":"(anonymous_3)","decl":{"start":{"line":50,"column":27},"end":{"line":50,"column":28}},"loc":{"start":{"line":50,"column":34},"end":{"line":54,"column":3}},"line":50},"4":{"name":"(anonymous_4)","decl":{"start":{"line":51,"column":4},"end":{"line":51,"column":5}},"loc":{"start":{"line":51,"column":12},"end":{"line":53,"column":5}},"line":51},"5":{"name":"(anonymous_5)","decl":{"start":{"line":56,"column":12},"end":{"line":56,"column":13}},"loc":{"start":{"line":56,"column":18},"end":{"line":70,"column":3}},"line":56},"6":{"name":"(anonymous_6)","decl":{"start":{"line":61,"column":6},"end":{"line":61,"column":7}},"loc":{"start":{"line":61,"column":25},"end":{"line":64,"column":7}},"line":61},"7":{"name":"(anonymous_7)","decl":{"start":{"line":65,"column":6},"end":{"line":65,"column":7}},"loc":{"start":{"line":65,"column":19},"end":{"line":68,"column":7}},"line":65},"8":{"name":"(anonymous_8)","decl":{"start":{"line":87,"column":22},"end":{"line":87,"column":23}},"loc":{"start":{"line":87,"column":41},"end":{"line":89,"column":9}},"line":87}},"branchMap":{"0":{"loc":{"start":{"line":29,"column":16},"end":{"line":29,"column":35}},"type":"default-arg","locations":[{"start":{"line":29,"column":33},"end":{"line":29,"column":35}}],"line":29},"1":{"loc":{"start":{"line":34,"column":25},"end":{"line":34,"column":42}},"type":"default-arg","locations":[{"start":{"line":34,"column":40},"end":{"line":34,"column":42}}],"line":34},"2":{"loc":{"start":{"line":77,"column":15},"end":{"line":77,"column":60}},"type":"cond-expr","locations":[{"start":{"line":77,"column":39},"end":{"line":77,"column":48}},{"start":{"line":77,"column":51},"end":{"line":77,"column":60}}],"line":77},"3":{"loc":{"start":{"line":77,"column":15},"end":{"line":77,"column":36}},"type":"binary-expr","locations":[{"start":{"line":77,"column":15},"end":{"line":77,"column":24}},{"start":{"line":77,"column":28},"end":{"line":77,"column":36}}],"line":77}},"s":{"0":1,"1":2,"2":2,"3":2,"4":2,"5":2,"6":2,"7":0,"8":2,"9":0,"10":0,"11":2,"12":1,"13":0,"14":2,"15":2,"16":0,"17":0,"18":0,"19":0,"20":2,"21":0},"f":{"0":2,"1":0,"2":0,"3":1,"4":0,"5":2,"6":0,"7":0,"8":0},"b":{"0":[2],"1":[2],"2":[0,2],"3":[2,2]},"_coverageSchema":"43e27e138ebf9cfc5966b082cf9a028302ed4184","hash":"db53ec0f4b77b0e688875e4df2ad74b5628e1ac8"}
,"/media/andredezzy/Synchronized/Programming/GitHub Projects/Personal Projects/rocketseat-gostack/gobarber/mobile/src/hooks/authentication.tsx": {"path":"/media/andredezzy/Synchronized/Programming/GitHub Projects/Personal Projects/rocketseat-gostack/gobarber/mobile/src/hooks/authentication.tsx","statementMap":{"0":{"start":{"line":36,"column":30},"end":{"line":38,"column":1}},"1":{"start":{"line":40,"column":41},"end":{"line":111,"column":1}},"2":{"start":{"line":41,"column":26},"end":{"line":43,"column":3}},"3":{"start":{"line":44,"column":32},"end":{"line":44,"column":46}},"4":{"start":{"line":46,"column":2},"end":{"line":66,"column":9}},"5":{"start":{"line":48,"column":36},"end":{"line":51,"column":8}},"6":{"start":{"line":53,"column":6},"end":{"line":60,"column":7}},"7":{"start":{"line":54,"column":8},"end":{"line":54,"column":63}},"8":{"start":{"line":56,"column":8},"end":{"line":59,"column":11}},"9":{"start":{"line":62,"column":6},"end":{"line":62,"column":24}},"10":{"start":{"line":65,"column":4},"end":{"line":65,"column":22}},"11":{"start":{"line":68,"column":17},"end":{"line":84,"column":8}},"12":{"start":{"line":69,"column":21},"end":{"line":72,"column":6}},"13":{"start":{"line":74,"column":28},"end":{"line":74,"column":41}},"14":{"start":{"line":76,"column":4},"end":{"line":79,"column":7}},"15":{"start":{"line":81,"column":4},"end":{"line":81,"column":59}},"16":{"start":{"line":83,"column":4},"end":{"line":83,"column":29}},"17":{"start":{"line":86,"column":18},"end":{"line":90,"column":8}},"18":{"start":{"line":87,"column":4},"end":{"line":87,"column":68}},"19":{"start":{"line":89,"column":4},"end":{"line":89,"column":39}},"20":{"start":{"line":92,"column":21},"end":{"line":102,"column":3}},"21":{"start":{"line":94,"column":6},"end":{"line":97,"column":9}},"22":{"start":{"line":99,"column":6},"end":{"line":99,"column":73}},"23":{"start":{"line":104,"column":2},"end":{"line":110,"column":4}},"24":{"start":{"line":114,"column":18},"end":{"line":114,"column":51}},"25":{"start":{"line":116,"column":2},"end":{"line":120,"column":3}},"26":{"start":{"line":117,"column":4},"end":{"line":119,"column":6}},"27":{"start":{"line":122,"column":2},"end":{"line":122,"column":17}}},"fnMap":{"0":{"name":"(anonymous_0)","decl":{"start":{"line":40,"column":41},"end":{"line":40,"column":42}},"loc":{"start":{"line":40,"column":59},"end":{"line":111,"column":1}},"line":40},"1":{"name":"(anonymous_1)","decl":{"start":{"line":46,"column":12},"end":{"line":46,"column":13}},"loc":{"start":{"line":46,"column":18},"end":{"line":66,"column":3}},"line":46},"2":{"name":"loadStorageData","decl":{"start":{"line":47,"column":19},"end":{"line":47,"column":34}},"loc":{"start":{"line":47,"column":52},"end":{"line":63,"column":5}},"line":47},"3":{"name":"(anonymous_3)","decl":{"start":{"line":68,"column":29},"end":{"line":68,"column":30}},"loc":{"start":{"line":68,"column":60},"end":{"line":84,"column":3}},"line":68},"4":{"name":"(anonymous_4)","decl":{"start":{"line":86,"column":30},"end":{"line":86,"column":31}},"loc":{"start":{"line":86,"column":36},"end":{"line":90,"column":3}},"line":86},"5":{"name":"(anonymous_5)","decl":{"start":{"line":93,"column":4},"end":{"line":93,"column":5}},"loc":{"start":{"line":93,"column":26},"end":{"line":100,"column":5}},"line":93},"6":{"name":"useAuthentication","decl":{"start":{"line":113,"column":9},"end":{"line":113,"column":26}},"loc":{"start":{"line":113,"column":56},"end":{"line":123,"column":1}},"line":113}},"branchMap":{"0":{"loc":{"start":{"line":53,"column":6},"end":{"line":60,"column":7}},"type":"if","locations":[{"start":{"line":53,"column":6},"end":{"line":60,"column":7}},{"start":{"line":53,"column":6},"end":{"line":60,"column":7}}],"line":53},"1":{"loc":{"start":{"line":53,"column":10},"end":{"line":53,"column":23}},"type":"binary-expr","locations":[{"start":{"line":53,"column":10},"end":{"line":53,"column":15}},{"start":{"line":53,"column":19},"end":{"line":53,"column":23}}],"line":53},"2":{"loc":{"start":{"line":116,"column":2},"end":{"line":120,"column":3}},"type":"if","locations":[{"start":{"line":116,"column":2},"end":{"line":120,"column":3}},{"start":{"line":116,"column":2},"end":{"line":120,"column":3}}],"line":116}},"s":{"0":1,"1":1,"2":0,"3":0,"4":0,"5":0,"6":0,"7":0,"8":0,"9":0,"10":0,"11":0,"12":0,"13":0,"14":0,"15":0,"16":0,"17":0,"18":0,"19":0,"20":0,"21":0,"22":0,"23":0,"24":1,"25":1,"26":0,"27":1},"f":{"0":0,"1":0,"2":0,"3":0,"4":0,"5":0,"6":1},"b":{"0":[0,0],"1":[0,0],"2":[0,1]},"_coverageSchema":"43e27e138ebf9cfc5966b082cf9a028302ed4184","hash":"4806fb581516b15be8979903dd22f9f540eaf06d"}
,"/media/andredezzy/Synchronized/Programming/GitHub Projects/Personal Projects/rocketseat-gostack/gobarber/mobile/src/pages/AppointmentCreated/index.tsx": {"path":"/media/andredezzy/Synchronized/Programming/GitHub Projects/Personal Projects/rocketseat-gostack/gobarber/mobile/src/pages/AppointmentCreated/index.tsx","statementMap":{"0":{"start":{"line":21,"column":37},"end":{"line":51,"column":1}},"1":{"start":{"line":22,"column":20},"end":{"line":22,"column":35}},"2":{"start":{"line":23,"column":21},"end":{"line":23,"column":31}},"3":{"start":{"line":25,"column":22},"end":{"line":25,"column":43}},"4":{"start":{"line":27,"column":26},"end":{"line":29,"column":13}},"5":{"start":{"line":28,"column":4},"end":{"line":28,"column":57}},"6":{"start":{"line":31,"column":24},"end":{"line":37,"column":24}},"7":{"start":{"line":32,"column":4},"end":{"line":36,"column":6}},"8":{"start":{"line":39,"column":2},"end":{"line":50,"column":4}}},"fnMap":{"0":{"name":"(anonymous_0)","decl":{"start":{"line":21,"column":37},"end":{"line":21,"column":38}},"loc":{"start":{"line":21,"column":43},"end":{"line":51,"column":1}},"line":21},"1":{"name":"(anonymous_1)","decl":{"start":{"line":27,"column":38},"end":{"line":27,"column":39}},"loc":{"start":{"line":27,"column":44},"end":{"line":29,"column":3}},"line":27},"2":{"name":"(anonymous_2)","decl":{"start":{"line":31,"column":32},"end":{"line":31,"column":33}},"loc":{"start":{"line":31,"column":38},"end":{"line":37,"column":3}},"line":31}},"branchMap":{},"s":{"0":0,"1":0,"2":0,"3":0,"4":0,"5":0,"6":0,"7":0,"8":0},"f":{"0":0,"1":0,"2":0},"b":{},"hash":"05bf352e938ac7f5054dc1f0c2c821f2a0908b0f"}
,"/media/andredezzy/Synchronized/Programming/GitHub Projects/Personal Projects/rocketseat-gostack/gobarber/mobile/src/pages/CreateAppointment/index.tsx": {"path":"/media/andredezzy/Synchronized/Programming/GitHub Projects/Personal Projects/rocketseat-gostack/gobarber/mobile/src/pages/CreateAppointment/index.tsx","statementMap":{"0":{"start":{"line":54,"column":36},"end":{"line":282,"column":1}},"1":{"start":{"line":55,"column":19},"end":{"line":55,"column":38}},"2":{"start":{"line":56,"column":21},"end":{"line":56,"column":31}},"3":{"start":{"line":57,"column":31},"end":{"line":57,"column":46}},"4":{"start":{"line":59,"column":22},"end":{"line":59,"column":43}},"5":{"start":{"line":61,"column":36},"end":{"line":61,"column":60}},"6":{"start":{"line":62,"column":50},"end":{"line":64,"column":3}},"7":{"start":{"line":65,"column":46},"end":{"line":65,"column":61}},"8":{"start":{"line":66,"column":42},"end":{"line":66,"column":62}},"9":{"start":{"line":67,"column":42},"end":{"line":67,"column":53}},"10":{"start":{"line":68,"column":42},"end":{"line":68,"column":74}},"11":{"start":{"line":70,"column":2},"end":{"line":74,"column":9}},"12":{"start":{"line":71,"column":4},"end":{"line":73,"column":7}},"13":{"start":{"line":72,"column":6},"end":{"line":72,"column":34}},"14":{"start":{"line":76,"column":2},"end":{"line":88,"column":39}},"15":{"start":{"line":77,"column":4},"end":{"line":87,"column":9}},"16":{"start":{"line":86,"column":8},"end":{"line":86,"column":39}},"17":{"start":{"line":90,"column":29},"end":{"line":92,"column":14}},"18":{"start":{"line":91,"column":4},"end":{"line":91,"column":13}},"19":{"start":{"line":94,"column":31},"end":{"line":96,"column":8}},"20":{"start":{"line":95,"column":4},"end":{"line":95,"column":36}},"21":{"start":{"line":98,"column":33},"end":{"line":100,"column":8}},"22":{"start":{"line":99,"column":4},"end":{"line":99,"column":39}},"23":{"start":{"line":99,"column":31},"end":{"line":99,"column":37}},"24":{"start":{"line":102,"column":28},"end":{"line":114,"column":3}},"25":{"start":{"line":104,"column":6},"end":{"line":106,"column":7}},"26":{"start":{"line":105,"column":8},"end":{"line":105,"column":33}},"27":{"start":{"line":108,"column":6},"end":{"line":111,"column":7}},"28":{"start":{"line":109,"column":8},"end":{"line":109,"column":30}},"29":{"start":{"line":110,"column":8},"end":{"line":110,"column":27}},"30":{"start":{"line":116,"column":34},"end":{"line":135,"column":62}},"31":{"start":{"line":117,"column":4},"end":{"line":134,"column":5}},"32":{"start":{"line":118,"column":19},"end":{"line":118,"column":41}},"33":{"start":{"line":120,"column":6},"end":{"line":120,"column":34}},"34":{"start":{"line":121,"column":6},"end":{"line":121,"column":25}},"35":{"start":{"line":123,"column":6},"end":{"line":126,"column":9}},"36":{"start":{"line":128,"column":6},"end":{"line":128,"column":63}},"37":{"start":{"line":130,"column":6},"end":{"line":133,"column":8}},"38":{"start":{"line":137,"column":27},"end":{"line":139,"column":8}},"39":{"start":{"line":138,"column":4},"end":{"line":138,"column":26}},"40":{"start":{"line":141,"column":30},"end":{"line":157,"column":34}},"41":{"start":{"line":142,"column":4},"end":{"line":156,"column":9}},"42":{"start":{"line":143,"column":28},"end":{"line":143,"column":37}},"43":{"start":{"line":145,"column":21},"end":{"line":145,"column":47}},"44":{"start":{"line":146,"column":22},"end":{"line":146,"column":45}},"45":{"start":{"line":147,"column":20},"end":{"line":147,"column":42}},"46":{"start":{"line":149,"column":21},"end":{"line":149,"column":53}},"47":{"start":{"line":151,"column":8},"end":{"line":155,"column":10}},"48":{"start":{"line":159,"column":32},"end":{"line":175,"column":34}},"49":{"start":{"line":160,"column":4},"end":{"line":174,"column":9}},"50":{"start":{"line":161,"column":28},"end":{"line":161,"column":38}},"51":{"start":{"line":163,"column":21},"end":{"line":163,"column":47}},"52":{"start":{"line":164,"column":22},"end":{"line":164,"column":45}},"53":{"start":{"line":165,"column":20},"end":{"line":165,"column":42}},"54":{"start":{"line":167,"column":21},"end":{"line":167,"column":53}},"55":{"start":{"line":169,"column":8},"end":{"line":173,"column":10}},"56":{"start":{"line":177,"column":2},"end":{"line":281,"column":4}},"57":{"start":{"line":195,"column":38},"end":{"line":195,"column":49}},"58":{"start":{"line":197,"column":14},"end":{"line":205,"column":34}},"59":{"start":{"line":199,"column":31},"end":{"line":199,"column":64}},"60":{"start":{"line":238,"column":16},"end":{"line":248,"column":23}},"61":{"start":{"line":243,"column":33},"end":{"line":243,"column":55}},"62":{"start":{"line":259,"column":18},"end":{"line":269,"column":25}},"63":{"start":{"line":264,"column":35},"end":{"line":264,"column":57}}},"fnMap":{"0":{"name":"(anonymous_0)","decl":{"start":{"line":54,"column":36},"end":{"line":54,"column":37}},"loc":{"start":{"line":54,"column":42},"end":{"line":282,"column":1}},"line":54},"1":{"name":"(anonymous_1)","decl":{"start":{"line":70,"column":12},"end":{"line":70,"column":13}},"loc":{"start":{"line":70,"column":18},"end":{"line":74,"column":3}},"line":70},"2":{"name":"(anonymous_2)","decl":{"start":{"line":71,"column":30},"end":{"line":71,"column":31}},"loc":{"start":{"line":71,"column":42},"end":{"line":73,"column":5}},"line":71},"3":{"name":"(anonymous_3)","decl":{"start":{"line":76,"column":12},"end":{"line":76,"column":13}},"loc":{"start":{"line":76,"column":18},"end":{"line":88,"column":3}},"line":76},"4":{"name":"(anonymous_4)","decl":{"start":{"line":85,"column":12},"end":{"line":85,"column":13}},"loc":{"start":{"line":85,"column":24},"end":{"line":87,"column":7}},"line":85},"5":{"name":"(anonymous_5)","decl":{"start":{"line":90,"column":41},"end":{"line":90,"column":42}},"loc":{"start":{"line":90,"column":47},"end":{"line":92,"column":3}},"line":90},"6":{"name":"(anonymous_6)","decl":{"start":{"line":94,"column":43},"end":{"line":94,"column":44}},"loc":{"start":{"line":94,"column":67},"end":{"line":96,"column":3}},"line":94},"7":{"name":"(anonymous_7)","decl":{"start":{"line":98,"column":45},"end":{"line":98,"column":46}},"loc":{"start":{"line":98,"column":51},"end":{"line":100,"column":3}},"line":98},"8":{"name":"(anonymous_8)","decl":{"start":{"line":99,"column":22},"end":{"line":99,"column":23}},"loc":{"start":{"line":99,"column":31},"end":{"line":99,"column":37}},"line":99},"9":{"name":"(anonymous_9)","decl":{"start":{"line":103,"column":4},"end":{"line":103,"column":5}},"loc":{"start":{"line":103,"column":44},"end":{"line":112,"column":5}},"line":103},"10":{"name":"(anonymous_10)","decl":{"start":{"line":116,"column":46},"end":{"line":116,"column":47}},"loc":{"start":{"line":116,"column":58},"end":{"line":135,"column":3}},"line":116},"11":{"name":"(anonymous_11)","decl":{"start":{"line":137,"column":39},"end":{"line":137,"column":40}},"loc":{"start":{"line":137,"column":57},"end":{"line":139,"column":3}},"line":137},"12":{"name":"(anonymous_12)","decl":{"start":{"line":141,"column":38},"end":{"line":141,"column":39}},"loc":{"start":{"line":141,"column":44},"end":{"line":157,"column":3}},"line":141},"13":{"name":"(anonymous_13)","decl":{"start":{"line":143,"column":14},"end":{"line":143,"column":15}},"loc":{"start":{"line":143,"column":28},"end":{"line":143,"column":37}},"line":143},"14":{"name":"(anonymous_14)","decl":{"start":{"line":144,"column":11},"end":{"line":144,"column":12}},"loc":{"start":{"line":144,"column":36},"end":{"line":156,"column":7}},"line":144},"15":{"name":"(anonymous_15)","decl":{"start":{"line":159,"column":40},"end":{"line":159,"column":41}},"loc":{"start":{"line":159,"column":46},"end":{"line":175,"column":3}},"line":159},"16":{"name":"(anonymous_16)","decl":{"start":{"line":161,"column":14},"end":{"line":161,"column":15}},"loc":{"start":{"line":161,"column":28},"end":{"line":161,"column":38}},"line":161},"17":{"name":"(anonymous_17)","decl":{"start":{"line":162,"column":11},"end":{"line":162,"column":12}},"loc":{"start":{"line":162,"column":36},"end":{"line":174,"column":7}},"line":162},"18":{"name":"(anonymous_18)","decl":{"start":{"line":195,"column":26},"end":{"line":195,"column":27}},"loc":{"start":{"line":195,"column":38},"end":{"line":195,"column":49}},"line":195},"19":{"name":"(anonymous_19)","decl":{"start":{"line":196,"column":24},"end":{"line":196,"column":25}},"loc":{"start":{"line":197,"column":14},"end":{"line":205,"column":34}},"line":197},"20":{"name":"(anonymous_20)","decl":{"start":{"line":199,"column":25},"end":{"line":199,"column":26}},"loc":{"start":{"line":199,"column":31},"end":{"line":199,"column":64}},"line":199},"21":{"name":"(anonymous_21)","decl":{"start":{"line":237,"column":39},"end":{"line":237,"column":40}},"loc":{"start":{"line":238,"column":16},"end":{"line":248,"column":23}},"line":238},"22":{"name":"(anonymous_22)","decl":{"start":{"line":243,"column":27},"end":{"line":243,"column":28}},"loc":{"start":{"line":243,"column":33},"end":{"line":243,"column":55}},"line":243},"23":{"name":"(anonymous_23)","decl":{"start":{"line":258,"column":16},"end":{"line":258,"column":17}},"loc":{"start":{"line":259,"column":18},"end":{"line":269,"column":25}},"line":259},"24":{"name":"(anonymous_24)","decl":{"start":{"line":264,"column":29},"end":{"line":264,"column":30}},"loc":{"start":{"line":264,"column":35},"end":{"line":264,"column":57}},"line":264}},"branchMap":{"0":{"loc":{"start":{"line":104,"column":6},"end":{"line":106,"column":7}},"type":"if","locations":[{"start":{"line":104,"column":6},"end":{"line":106,"column":7}},{"start":{"line":104,"column":6},"end":{"line":106,"column":7}}],"line":104},"1":{"loc":{"start":{"line":108,"column":6},"end":{"line":111,"column":7}},"type":"if","locations":[{"start":{"line":108,"column":6},"end":{"line":111,"column":7}},{"start":{"line":108,"column":6},"end":{"line":111,"column":7}}],"line":108},"2":{"loc":{"start":{"line":219,"column":11},"end":{"line":227,"column":11}},"type":"binary-expr","locations":[{"start":{"line":219,"column":11},"end":{"line":219,"column":25}},{"start":{"line":220,"column":12},"end":{"line":226,"column":14}}],"line":219}},"s":{"0":0,"1":0,"2":0,"3":0,"4":0,"5":0,"6":0,"7":0,"8":0,"9":0,"10":0,"11":0,"12":0,"13":0,"14":0,"15":0,"16":0,"17":0,"18":0,"19":0,"20":0,"21":0,"22":0,"23":0,"24":0,"25":0,"26":0,"27":0,"28":0,"29":0,"30":0,"31":0,"32":0,"33":0,"34":0,"35":0,"36":0,"37":0,"38":0,"39":0,"40":0,"41":0,"42":0,"43":0,"44":0,"45":0,"46":0,"47":0,"48":0,"49":0,"50":0,"51":0,"52":0,"53":0,"54":0,"55":0,"56":0,"57":0,"58":0,"59":0,"60":0,"61":0,"62":0,"63":0},"f":{"0":0,"1":0,"2":0,"3":0,"4":0,"5":0,"6":0,"7":0,"8":0,"9":0,"10":0,"11":0,"12":0,"13":0,"14":0,"15":0,"16":0,"17":0,"18":0,"19":0,"20":0,"21":0,"22":0,"23":0,"24":0},"b":{"0":[0,0],"1":[0,0],"2":[0,0]},"hash":"3ca2a817ecd39cd466fa53783786d8e69f9fd21f"}
,"/media/andredezzy/Synchronized/Programming/GitHub Projects/Personal Projects/rocketseat-gostack/gobarber/mobile/src/pages/Dashboard/index.tsx": {"path":"/media/andredezzy/Synchronized/Programming/GitHub Projects/Personal Projects/rocketseat-gostack/gobarber/mobile/src/pages/Dashboard/index.tsx","statementMap":{"0":{"start":{"line":33,"column":28},"end":{"line":103,"column":1}},"1":{"start":{"line":34,"column":28},"end":{"line":34,"column":47}},"2":{"start":{"line":35,"column":23},"end":{"line":35,"column":38}},"3":{"start":{"line":37,"column":36},"end":{"line":37,"column":60}},"4":{"start":{"line":39,"column":2},"end":{"line":43,"column":9}},"5":{"start":{"line":40,"column":4},"end":{"line":42,"column":7}},"6":{"start":{"line":41,"column":6},"end":{"line":41,"column":34}},"7":{"start":{"line":45,"column":34},"end":{"line":47,"column":16}},"8":{"start":{"line":46,"column":4},"end":{"line":46,"column":24}},"9":{"start":{"line":49,"column":44},"end":{"line":54,"column":3}},"10":{"start":{"line":51,"column":6},"end":{"line":51,"column":52}},"11":{"start":{"line":56,"column":2},"end":{"line":102,"column":4}},"12":{"start":{"line":74,"column":36},"end":{"line":74,"column":47}},"13":{"start":{"line":76,"column":12},"end":{"line":76,"column":66}},"14":{"start":{"line":79,"column":12},"end":{"line":97,"column":32}},"15":{"start":{"line":80,"column":29},"end":{"line":80,"column":75}}},"fnMap":{"0":{"name":"(anonymous_0)","decl":{"start":{"line":33,"column":28},"end":{"line":33,"column":29}},"loc":{"start":{"line":33,"column":34},"end":{"line":103,"column":1}},"line":33},"1":{"name":"(anonymous_1)","decl":{"start":{"line":39,"column":12},"end":{"line":39,"column":13}},"loc":{"start":{"line":39,"column":18},"end":{"line":43,"column":3}},"line":39},"2":{"name":"(anonymous_2)","decl":{"start":{"line":40,"column":30},"end":{"line":40,"column":31}},"loc":{"start":{"line":40,"column":42},"end":{"line":42,"column":5}},"line":40},"3":{"name":"(anonymous_3)","decl":{"start":{"line":45,"column":46},"end":{"line":45,"column":47}},"loc":{"start":{"line":45,"column":52},"end":{"line":47,"column":3}},"line":45},"4":{"name":"(anonymous_4)","decl":{"start":{"line":50,"column":4},"end":{"line":50,"column":5}},"loc":{"start":{"line":50,"column":28},"end":{"line":52,"column":5}},"line":50},"5":{"name":"(anonymous_5)","decl":{"start":{"line":74,"column":24},"end":{"line":74,"column":25}},"loc":{"start":{"line":74,"column":36},"end":{"line":74,"column":47}},"line":74},"6":{"name":"(anonymous_6)","decl":{"start":{"line":75,"column":31},"end":{"line":75,"column":32}},"loc":{"start":{"line":76,"column":12},"end":{"line":76,"column":66}},"line":76},"7":{"name":"(anonymous_7)","decl":{"start":{"line":78,"column":22},"end":{"line":78,"column":23}},"loc":{"start":{"line":79,"column":12},"end":{"line":97,"column":32}},"line":79},"8":{"name":"(anonymous_8)","decl":{"start":{"line":80,"column":23},"end":{"line":80,"column":24}},"loc":{"start":{"line":80,"column":29},"end":{"line":80,"column":75}},"line":80}},"branchMap":{},"s":{"0":0,"1":0,"2":0,"3":0,"4":0,"5":0,"6":0,"7":0,"8":0,"9":0,"10":0,"11":0,"12":0,"13":0,"14":0,"15":0},"f":{"0":0,"1":0,"2":0,"3":0,"4":0,"5":0,"6":0,"7":0,"8":0},"b":{},"hash":"2186d30b20f1817edc082450c274a4b7daff2888"}
,"/media/andredezzy/Synchronized/Programming/GitHub Projects/Personal Projects/rocketseat-gostack/gobarber/mobile/src/pages/Profile/index.tsx": {"path":"/media/andredezzy/Synchronized/Programming/GitHub Projects/Personal Projects/rocketseat-gostack/gobarber/mobile/src/pages/Profile/index.tsx","statementMap":{"0":{"start":{"line":43,"column":26},"end":{"line":253,"column":1}},"1":{"start":{"line":44,"column":18},"end":{"line":44,"column":43}},"2":{"start":{"line":45,"column":24},"end":{"line":45,"column":47}},"3":{"start":{"line":46,"column":30},"end":{"line":46,"column":53}},"4":{"start":{"line":47,"column":27},"end":{"line":47,"column":50}},"5":{"start":{"line":48,"column":34},"end":{"line":48,"column":57}},"6":{"start":{"line":50,"column":31},"end":{"line":50,"column":50}},"7":{"start":{"line":51,"column":21},"end":{"line":51,"column":36}},"8":{"start":{"line":53,"column":23},"end":{"line":55,"column":14}},"9":{"start":{"line":54,"column":4},"end":{"line":54,"column":13}},"10":{"start":{"line":57,"column":29},"end":{"line":88,"column":27}},"11":{"start":{"line":58,"column":4},"end":{"line":87,"column":6}},"12":{"start":{"line":66,"column":8},"end":{"line":68,"column":9}},"13":{"start":{"line":67,"column":10},"end":{"line":67,"column":17}},"14":{"start":{"line":70,"column":8},"end":{"line":73,"column":9}},"15":{"start":{"line":71,"column":10},"end":{"line":71,"column":55}},"16":{"start":{"line":72,"column":10},"end":{"line":72,"column":17}},"17":{"start":{"line":75,"column":21},"end":{"line":75,"column":35}},"18":{"start":{"line":77,"column":8},"end":{"line":81,"column":11}},"19":{"start":{"line":83,"column":8},"end":{"line":85,"column":11}},"20":{"start":{"line":84,"column":10},"end":{"line":84,"column":39}},"21":{"start":{"line":90,"column":23},"end":{"line":161,"column":3}},"22":{"start":{"line":92,"column":6},"end":{"line":158,"column":7}},"23":{"start":{"line":93,"column":8},"end":{"line":93,"column":39}},"24":{"start":{"line":95,"column":23},"end":{"line":114,"column":10}},"25":{"start":{"line":102,"column":25},"end":{"line":102,"column":39}},"26":{"start":{"line":107,"column":25},"end":{"line":107,"column":39}},"27":{"start":{"line":116,"column":8},"end":{"line":116,"column":59}},"28":{"start":{"line":124,"column":12},"end":{"line":124,"column":16}},"29":{"start":{"line":126,"column":25},"end":{"line":136,"column":9}},"30":{"start":{"line":138,"column":25},"end":{"line":138,"column":59}},"31":{"start":{"line":140,"column":8},"end":{"line":140,"column":40}},"32":{"start":{"line":142,"column":8},"end":{"line":142,"column":54}},"33":{"start":{"line":144,"column":8},"end":{"line":144,"column":17}},"34":{"start":{"line":146,"column":8},"end":{"line":152,"column":9}},"35":{"start":{"line":147,"column":25},"end":{"line":147,"column":49}},"36":{"start":{"line":149,"column":10},"end":{"line":149,"column":45}},"37":{"start":{"line":151,"column":10},"end":{"line":151,"column":17}},"38":{"start":{"line":154,"column":8},"end":{"line":157,"column":10}},"39":{"start":{"line":163,"column":2},"end":{"line":252,"column":4}},"40":{"start":{"line":198,"column":37},"end":{"line":198,"column":67}},"41":{"start":{"line":209,"column":37},"end":{"line":209,"column":73}},"42":{"start":{"line":221,"column":37},"end":{"line":221,"column":70}},"43":{"start":{"line":231,"column":37},"end":{"line":231,"column":77}},"44":{"start":{"line":242,"column":37},"end":{"line":242,"column":66}},"45":{"start":{"line":245,"column":35},"end":{"line":245,"column":64}}},"fnMap":{"0":{"name":"(anonymous_0)","decl":{"start":{"line":43,"column":26},"end":{"line":43,"column":27}},"loc":{"start":{"line":43,"column":32},"end":{"line":253,"column":1}},"line":43},"1":{"name":"(anonymous_1)","decl":{"start":{"line":53,"column":35},"end":{"line":53,"column":36}},"loc":{"start":{"line":53,"column":41},"end":{"line":55,"column":3}},"line":53},"2":{"name":"(anonymous_2)","decl":{"start":{"line":57,"column":41},"end":{"line":57,"column":42}},"loc":{"start":{"line":57,"column":47},"end":{"line":88,"column":3}},"line":57},"3":{"name":"(anonymous_3)","decl":{"start":{"line":65,"column":6},"end":{"line":65,"column":7}},"loc":{"start":{"line":65,"column":24},"end":{"line":86,"column":7}},"line":65},"4":{"name":"(anonymous_4)","decl":{"start":{"line":83,"column":51},"end":{"line":83,"column":52}},"loc":{"start":{"line":83,"column":66},"end":{"line":85,"column":9}},"line":83},"5":{"name":"(anonymous_5)","decl":{"start":{"line":91,"column":4},"end":{"line":91,"column":5}},"loc":{"start":{"line":91,"column":37},"end":{"line":159,"column":5}},"line":91},"6":{"name":"(anonymous_6)","decl":{"start":{"line":102,"column":16},"end":{"line":102,"column":17}},"loc":{"start":{"line":102,"column":25},"end":{"line":102,"column":39}},"line":102},"7":{"name":"(anonymous_7)","decl":{"start":{"line":107,"column":16},"end":{"line":107,"column":17}},"loc":{"start":{"line":107,"column":25},"end":{"line":107,"column":39}},"line":107},"8":{"name":"(anonymous_8)","decl":{"start":{"line":198,"column":31},"end":{"line":198,"column":32}},"loc":{"start":{"line":198,"column":37},"end":{"line":198,"column":67}},"line":198},"9":{"name":"(anonymous_9)","decl":{"start":{"line":209,"column":31},"end":{"line":209,"column":32}},"loc":{"start":{"line":209,"column":37},"end":{"line":209,"column":73}},"line":209},"10":{"name":"(anonymous_10)","decl":{"start":{"line":221,"column":31},"end":{"line":221,"column":32}},"loc":{"start":{"line":221,"column":37},"end":{"line":221,"column":70}},"line":221},"11":{"name":"(anonymous_11)","decl":{"start":{"line":231,"column":31},"end":{"line":231,"column":32}},"loc":{"start":{"line":231,"column":37},"end":{"line":231,"column":77}},"line":231},"12":{"name":"(anonymous_12)","decl":{"start":{"line":242,"column":31},"end":{"line":242,"column":32}},"loc":{"start":{"line":242,"column":37},"end":{"line":242,"column":66}},"line":242},"13":{"name":"(anonymous_13)","decl":{"start":{"line":245,"column":29},"end":{"line":245,"column":30}},"loc":{"start":{"line":245,"column":35},"end":{"line":245,"column":64}},"line":245}},"branchMap":{"0":{"loc":{"start":{"line":66,"column":8},"end":{"line":68,"column":9}},"type":"if","locations":[{"start":{"line":66,"column":8},"end":{"line":68,"column":9}},{"start":{"line":66,"column":8},"end":{"line":68,"column":9}}],"line":66},"1":{"loc":{"start":{"line":70,"column":8},"end":{"line":73,"column":9}},"type":"if","locations":[{"start":{"line":70,"column":8},"end":{"line":73,"column":9}},{"start":{"line":70,"column":8},"end":{"line":73,"column":9}}],"line":70},"2":{"loc":{"start":{"line":129,"column":14},"end":{"line":135,"column":16}},"type":"cond-expr","locations":[{"start":{"line":130,"column":14},"end":{"line":134,"column":15}},{"start":{"line":135,"column":14},"end":{"line":135,"column":16}}],"line":129},"3":{"loc":{"start":{"line":146,"column":8},"end":{"line":152,"column":9}},"type":"if","locations":[{"start":{"line":146,"column":8},"end":{"line":152,"column":9}},{"start":{"line":146,"column":8},"end":{"line":152,"column":9}}],"line":146},"4":{"loc":{"start":{"line":166,"column":16},"end":{"line":166,"column":61}},"type":"cond-expr","locations":[{"start":{"line":166,"column":40},"end":{"line":166,"column":49}},{"start":{"line":166,"column":52},"end":{"line":166,"column":61}}],"line":166}},"s":{"0":0,"1":0,"2":0,"3":0,"4":0,"5":0,"6":0,"7":0,"8":0,"9":0,"10":0,"11":0,"12":0,"13":0,"14":0,"15":0,"16":0,"17":0,"18":0,"19":0,"20":0,"21":0,"22":0,"23":0,"24":0,"25":0,"26":0,"27":0,"28":0,"29":0,"30":0,"31":0,"32":0,"33":0,"34":0,"35":0,"36":0,"37":0,"38":0,"39":0,"40":0,"41":0,"42":0,"43":0,"44":0,"45":0},"f":{"0":0,"1":0,"2":0,"3":0,"4":0,"5":0,"6":0,"7":0,"8":0,"9":0,"10":0,"11":0,"12":0,"13":0},"b":{"0":[0,0],"1":[0,0],"2":[0,0],"3":[0,0],"4":[0,0]},"hash":"3f54464fb23e11737c670ecf71e4843da608d1d1"}
,"/media/andredezzy/Synchronized/Programming/GitHub Projects/Personal Projects/rocketseat-gostack/gobarber/mobile/src/pages/SignIn/index.tsx": {"path":"/media/andredezzy/Synchronized/Programming/GitHub Projects/Personal Projects/rocketseat-gostack/gobarber/mobile/src/pages/SignIn/index.tsx","statementMap":{"0":{"start":{"line":41,"column":25},"end":{"line":147,"column":1}},"1":{"start":{"line":42,"column":18},"end":{"line":42,"column":43}},"2":{"start":{"line":43,"column":27},"end":{"line":43,"column":50}},"3":{"start":{"line":45,"column":21},"end":{"line":45,"column":36}},"4":{"start":{"line":47,"column":21},"end":{"line":47,"column":40}},"5":{"start":{"line":49,"column":23},"end":{"line":83,"column":3}},"6":{"start":{"line":51,"column":6},"end":{"line":80,"column":7}},"7":{"start":{"line":52,"column":8},"end":{"line":52,"column":39}},"8":{"start":{"line":54,"column":23},"end":{"line":59,"column":10}},"9":{"start":{"line":61,"column":8},"end":{"line":61,"column":59}},"10":{"start":{"line":63,"column":8},"end":{"line":66,"column":11}},"11":{"start":{"line":68,"column":8},"end":{"line":74,"column":9}},"12":{"start":{"line":69,"column":25},"end":{"line":69,"column":49}},"13":{"start":{"line":71,"column":10},"end":{"line":71,"column":45}},"14":{"start":{"line":73,"column":10},"end":{"line":73,"column":17}},"15":{"start":{"line":76,"column":8},"end":{"line":79,"column":10}},"16":{"start":{"line":85,"column":2},"end":{"line":146,"column":4}},"17":{"start":{"line":116,"column":39},"end":{"line":116,"column":72}},"18":{"start":{"line":126,"column":39},"end":{"line":126,"column":68}},"19":{"start":{"line":129,"column":37},"end":{"line":129,"column":66}},"20":{"start":{"line":141,"column":42},"end":{"line":141,"column":71}}},"fnMap":{"0":{"name":"(anonymous_0)","decl":{"start":{"line":41,"column":25},"end":{"line":41,"column":26}},"loc":{"start":{"line":41,"column":31},"end":{"line":147,"column":1}},"line":41},"1":{"name":"(anonymous_1)","decl":{"start":{"line":50,"column":4},"end":{"line":50,"column":5}},"loc":{"start":{"line":50,"column":36},"end":{"line":81,"column":5}},"line":50},"2":{"name":"(anonymous_2)","decl":{"start":{"line":116,"column":33},"end":{"line":116,"column":34}},"loc":{"start":{"line":116,"column":39},"end":{"line":116,"column":72}},"line":116},"3":{"name":"(anonymous_3)","decl":{"start":{"line":126,"column":33},"end":{"line":126,"column":34}},"loc":{"start":{"line":126,"column":39},"end":{"line":126,"column":68}},"line":126},"4":{"name":"(anonymous_4)","decl":{"start":{"line":129,"column":31},"end":{"line":129,"column":32}},"loc":{"start":{"line":129,"column":37},"end":{"line":129,"column":66}},"line":129},"5":{"name":"(anonymous_5)","decl":{"start":{"line":134,"column":37},"end":{"line":134,"column":38}},"loc":{"start":{"line":134,"column":43},"end":{"line":134,"column":45}},"line":134},"6":{"name":"(anonymous_6)","decl":{"start":{"line":141,"column":36},"end":{"line":141,"column":37}},"loc":{"start":{"line":141,"column":42},"end":{"line":141,"column":71}},"line":141}},"branchMap":{"0":{"loc":{"start":{"line":68,"column":8},"end":{"line":74,"column":9}},"type":"if","locations":[{"start":{"line":68,"column":8},"end":{"line":74,"column":9}},{"start":{"line":68,"column":8},"end":{"line":74,"column":9}}],"line":68},"1":{"loc":{"start":{"line":89,"column":18},"end":{"line":89,"column":63}},"type":"cond-expr","locations":[{"start":{"line":89,"column":42},"end":{"line":89,"column":51}},{"start":{"line":89,"column":54},"end":{"line":89,"column":63}}],"line":89}},"s":{"0":1,"1":1,"2":1,"3":1,"4":1,"5":1,"6":0,"7":0,"8":0,"9":0,"10":0,"11":0,"12":0,"13":0,"14":0,"15":0,"16":1,"17":0,"18":0,"19":0,"20":0},"f":{"0":1,"1":0,"2":0,"3":0,"4":0,"5":0,"6":0},"b":{"0":[0,0],"1":[1,0]},"_coverageSchema":"43e27e138ebf9cfc5966b082cf9a028302ed4184","hash":"027b2a0cdac4da2d941119b5ee8b6d9392402b7d"}
,"/media/andredezzy/Synchronized/Programming/GitHub Projects/Personal Projects/rocketseat-gostack/gobarber/mobile/src/pages/SignUp/index.tsx": {"path":"/media/andredezzy/Synchronized/Programming/GitHub Projects/Personal Projects/rocketseat-gostack/gobarber/mobile/src/pages/SignUp/index.tsx","statementMap":{"0":{"start":{"line":33,"column":25},"end":{"line":148,"column":1}},"1":{"start":{"line":34,"column":18},"end":{"line":34,"column":43}},"2":{"start":{"line":35,"column":24},"end":{"line":35,"column":47}},"3":{"start":{"line":36,"column":27},"end":{"line":36,"column":50}},"4":{"start":{"line":38,"column":21},"end":{"line":38,"column":36}},"5":{"start":{"line":40,"column":23},"end":{"line":79,"column":3}},"6":{"start":{"line":42,"column":6},"end":{"line":76,"column":7}},"7":{"start":{"line":43,"column":8},"end":{"line":43,"column":39}},"8":{"start":{"line":45,"column":23},"end":{"line":51,"column":10}},"9":{"start":{"line":53,"column":8},"end":{"line":53,"column":59}},"10":{"start":{"line":55,"column":8},"end":{"line":55,"column":39}},"11":{"start":{"line":57,"column":8},"end":{"line":60,"column":10}},"12":{"start":{"line":62,"column":8},"end":{"line":62,"column":28}},"13":{"start":{"line":64,"column":8},"end":{"line":70,"column":9}},"14":{"start":{"line":65,"column":25},"end":{"line":65,"column":49}},"15":{"start":{"line":67,"column":10},"end":{"line":67,"column":45}},"16":{"start":{"line":69,"column":10},"end":{"line":69,"column":17}},"17":{"start":{"line":72,"column":8},"end":{"line":75,"column":10}},"18":{"start":{"line":81,"column":2},"end":{"line":147,"column":4}},"19":{"start":{"line":110,"column":39},"end":{"line":110,"column":69}},"20":{"start":{"line":121,"column":39},"end":{"line":121,"column":72}},"21":{"start":{"line":131,"column":39},"end":{"line":131,"column":68}},"22":{"start":{"line":134,"column":37},"end":{"line":134,"column":66}},"23":{"start":{"line":142,"column":33},"end":{"line":142,"column":52}}},"fnMap":{"0":{"name":"(anonymous_0)","decl":{"start":{"line":33,"column":25},"end":{"line":33,"column":26}},"loc":{"start":{"line":33,"column":31},"end":{"line":148,"column":1}},"line":33},"1":{"name":"(anonymous_1)","decl":{"start":{"line":41,"column":4},"end":{"line":41,"column":5}},"loc":{"start":{"line":41,"column":36},"end":{"line":77,"column":5}},"line":41},"2":{"name":"(anonymous_2)","decl":{"start":{"line":110,"column":33},"end":{"line":110,"column":34}},"loc":{"start":{"line":110,"column":39},"end":{"line":110,"column":69}},"line":110},"3":{"name":"(anonymous_3)","decl":{"start":{"line":121,"column":33},"end":{"line":121,"column":34}},"loc":{"start":{"line":121,"column":39},"end":{"line":121,"column":72}},"line":121},"4":{"name":"(anonymous_4)","decl":{"start":{"line":131,"column":33},"end":{"line":131,"column":34}},"loc":{"start":{"line":131,"column":39},"end":{"line":131,"column":68}},"line":131},"5":{"name":"(anonymous_5)","decl":{"start":{"line":134,"column":31},"end":{"line":134,"column":32}},"loc":{"start":{"line":134,"column":37},"end":{"line":134,"column":66}},"line":134},"6":{"name":"(anonymous_6)","decl":{"start":{"line":142,"column":27},"end":{"line":142,"column":28}},"loc":{"start":{"line":142,"column":33},"end":{"line":142,"column":52}},"line":142}},"branchMap":{"0":{"loc":{"start":{"line":64,"column":8},"end":{"line":70,"column":9}},"type":"if","locations":[{"start":{"line":64,"column":8},"end":{"line":70,"column":9}},{"start":{"line":64,"column":8},"end":{"line":70,"column":9}}],"line":64},"1":{"loc":{"start":{"line":85,"column":18},"end":{"line":85,"column":63}},"type":"cond-expr","locations":[{"start":{"line":85,"column":42},"end":{"line":85,"column":51}},{"start":{"line":85,"column":54},"end":{"line":85,"column":63}}],"line":85}},"s":{"0":0,"1":0,"2":0,"3":0,"4":0,"5":0,"6":0,"7":0,"8":0,"9":0,"10":0,"11":0,"12":0,"13":0,"14":0,"15":0,"16":0,"17":0,"18":0,"19":0,"20":0,"21":0,"22":0,"23":0},"f":{"0":0,"1":0,"2":0,"3":0,"4":0,"5":0,"6":0},"b":{"0":[0,0],"1":[0,0]},"hash":"dbf2fc78625c63b44a0859b91c205a85b882b15e"}
}
