TN:
SF:/media/andredezzy/Synchronized/Programming/GitHub Projects/Personal Projects/rocketseat-gostack/gobarber/mobile/src/components/Button/index.tsx
FN:10,(anonymous_0)
FNF:1
FNH:1
FNDA:1,(anonymous_0)
DA:10,1
DA:11,1
LF:2
LH:2
BRF:0
BRH:0
end_of_record
TN:
SF:/media/andredezzy/Synchronized/Programming/GitHub Projects/Personal Projects/rocketseat-gostack/gobarber/mobile/src/components/Input/index.tsx
FN:28,(anonymous_0)
FN:40,(anonymous_1)
FN:44,(anonymous_2)
FN:50,(anonymous_3)
FN:51,(anonymous_4)
FN:56,(anonymous_5)
FN:61,(anonymous_6)
FN:65,(anonymous_7)
FN:87,(anonymous_8)
FNF:9
FNH:3
FNDA:2,(anonymous_0)
FNDA:0,(anonymous_1)
FNDA:0,(anonymous_2)
FNDA:1,(anonymous_3)
FNDA:0,(anonymous_4)
FNDA:2,(anonymous_5)
FNDA:0,(anonymous_6)
FNDA:0,(anonymous_7)
FNDA:0,(anonymous_8)
DA:28,1
DA:32,2
DA:34,2
DA:35,2
DA:37,2
DA:38,2
DA:40,2
DA:41,0
DA:44,2
DA:45,0
DA:47,0
DA:50,2
DA:52,0
DA:56,2
DA:57,2
DA:62,0
DA:63,0
DA:66,0
DA:67,0
DA:72,2
DA:88,0
LF:21
LH:12
BRDA:29,0,0,2
BRDA:34,1,0,2
BRDA:77,2,0,0
BRDA:77,2,1,2
BRDA:77,3,0,2
BRDA:77,3,1,2
BRF:6
BRH:5
end_of_record
TN:
SF:/media/andredezzy/Synchronized/Programming/GitHub Projects/Personal Projects/rocketseat-gostack/gobarber/mobile/src/hooks/authentication.tsx
FN:40,(anonymous_0)
FN:46,(anonymous_1)
FN:47,loadStorageData
FN:68,(anonymous_3)
FN:86,(anonymous_4)
FN:93,(anonymous_5)
FN:113,useAuthentication
FNF:7
FNH:1
FNDA:0,(anonymous_0)
FNDA:0,(anonymous_1)
FNDA:0,loadStorageData
FNDA:0,(anonymous_3)
FNDA:0,(anonymous_4)
FNDA:0,(anonymous_5)
FNDA:1,useAuthentication
DA:36,1
DA:40,1
DA:41,0
DA:44,0
DA:46,0
DA:48,0
DA:53,0
DA:54,0
DA:56,0
DA:62,0
DA:65,0
DA:68,0
DA:69,0
DA:74,0
DA:76,0
DA:81,0
DA:83,0
DA:86,0
DA:87,0
DA:89,0
DA:92,0
DA:94,0
DA:99,0
DA:104,0
DA:114,1
DA:116,1
DA:117,0
DA:122,1
LF:28
LH:5
BRDA:53,0,0,0
BRDA:53,0,1,0
BRDA:53,1,0,0
BRDA:53,1,1,0
BRDA:116,2,0,0
BRDA:116,2,1,1
BRF:6
BRH:1
end_of_record
TN:
SF:/media/andredezzy/Synchronized/Programming/GitHub Projects/Personal Projects/rocketseat-gostack/gobarber/mobile/src/pages/AppointmentCreated/index.tsx
FN:21,(anonymous_0)
FN:27,(anonymous_1)
FN:31,(anonymous_2)
FNF:3
FNH:0
FNDA:0,(anonymous_0)
FNDA:0,(anonymous_1)
FNDA:0,(anonymous_2)
DA:21,0
DA:22,0
DA:23,0
DA:25,0
DA:27,0
DA:28,0
DA:31,0
DA:32,0
DA:39,0
LF:9
LH:0
BRF:0
BRH:0
end_of_record
TN:
SF:/media/andredezzy/Synchronized/Programming/GitHub Projects/Personal Projects/rocketseat-gostack/gobarber/mobile/src/pages/CreateAppointment/index.tsx
FN:54,(anonymous_0)
FN:70,(anonymous_1)
FN:71,(anonymous_2)
FN:76,(anonymous_3)
FN:85,(anonymous_4)
FN:90,(anonymous_5)
FN:94,(anonymous_6)
FN:98,(anonymous_7)
FN:99,(anonymous_8)
FN:103,(anonymous_9)
FN:116,(anonymous_10)
FN:137,(anonymous_11)
FN:141,(anonymous_12)
FN:143,(anonymous_13)
FN:144,(anonymous_14)
FN:159,(anonymous_15)
FN:161,(anonymous_16)
FN:162,(anonymous_17)
FN:195,(anonymous_18)
FN:196,(anonymous_19)
FN:199,(anonymous_20)
FN:237,(anonymous_21)
FN:243,(anonymous_22)
FN:258,(anonymous_23)
FN:264,(anonymous_24)
FNF:25
FNH:0
FNDA:0,(anonymous_0)
FNDA:0,(anonymous_1)
FNDA:0,(anonymous_2)
FNDA:0,(anonymous_3)
FNDA:0,(anonymous_4)
FNDA:0,(anonymous_5)
FNDA:0,(anonymous_6)
FNDA:0,(anonymous_7)
FNDA:0,(anonymous_8)
FNDA:0,(anonymous_9)
FNDA:0,(anonymous_10)
FNDA:0,(anonymous_11)
FNDA:0,(anonymous_12)
FNDA:0,(anonymous_13)
FNDA:0,(anonymous_14)
FNDA:0,(anonymous_15)
FNDA:0,(anonymous_16)
FNDA:0,(anonymous_17)
FNDA:0,(anonymous_18)
FNDA:0,(anonymous_19)
FNDA:0,(anonymous_20)
FNDA:0,(anonymous_21)
FNDA:0,(anonymous_22)
FNDA:0,(anonymous_23)
FNDA:0,(anonymous_24)
DA:54,0
DA:55,0
DA:56,0
DA:57,0
DA:59,0
DA:61,0
DA:62,0
DA:65,0
DA:66,0
DA:67,0
DA:68,0
DA:70,0
DA:71,0
DA:72,0
DA:76,0
DA:77,0
DA:86,0
DA:90,0
DA:91,0
DA:94,0
DA:95,0
DA:98,0
DA:99,0
DA:102,0
DA:104,0
DA:105,0
DA:108,0
DA:109,0
DA:110,0
DA:116,0
DA:117,0
DA:118,0
DA:120,0
DA:121,0
DA:123,0
DA:128,0
DA:130,0
DA:137,0
DA:138,0
DA:141,0
DA:142,0
DA:143,0
DA:145,0
DA:146,0
DA:147,0
DA:149,0
DA:151,0
DA:159,0
DA:160,0
DA:161,0
DA:163,0
DA:164,0
DA:165,0
DA:167,0
DA:169,0
DA:177,0
DA:195,0
DA:197,0
DA:199,0
DA:238,0
DA:243,0
DA:259,0
DA:264,0
LF:63
LH:0
BRDA:104,0,0,0
BRDA:104,0,1,0
BRDA:108,1,0,0
BRDA:108,1,1,0
BRDA:219,2,0,0
BRDA:219,2,1,0
BRF:6
BRH:0
end_of_record
TN:
SF:/media/andredezzy/Synchronized/Programming/GitHub Projects/Personal Projects/rocketseat-gostack/gobarber/mobile/src/pages/Dashboard/index.tsx
FN:33,(anonymous_0)
FN:39,(anonymous_1)
FN:40,(anonymous_2)
FN:45,(anonymous_3)
FN:50,(anonymous_4)
FN:74,(anonymous_5)
FN:75,(anonymous_6)
FN:78,(anonymous_7)
FN:80,(anonymous_8)
FNF:9
FNH:0
FNDA:0,(anonymous_0)
FNDA:0,(anonymous_1)
FNDA:0,(anonymous_2)
FNDA:0,(anonymous_3)
FNDA:0,(anonymous_4)
FNDA:0,(anonymous_5)
FNDA:0,(anonymous_6)
FNDA:0,(anonymous_7)
FNDA:0,(anonymous_8)
DA:33,0
DA:34,0
DA:35,0
DA:37,0
DA:39,0
DA:40,0
DA:41,0
DA:45,0
DA:46,0
DA:49,0
DA:51,0
DA:56,0
DA:74,0
DA:76,0
DA:79,0
DA:80,0
LF:16
LH:0
BRF:0
BRH:0
end_of_record
TN:
SF:/media/andredezzy/Synchronized/Programming/GitHub Projects/Personal Projects/rocketseat-gostack/gobarber/mobile/src/pages/Profile/index.tsx
FN:43,(anonymous_0)
FN:53,(anonymous_1)
FN:57,(anonymous_2)
FN:65,(anonymous_3)
FN:83,(anonymous_4)
FN:91,(anonymous_5)
FN:102,(anonymous_6)
FN:107,(anonymous_7)
FN:198,(anonymous_8)
FN:209,(anonymous_9)
FN:221,(anonymous_10)
FN:231,(anonymous_11)
FN:242,(anonymous_12)
FN:245,(anonymous_13)
FNF:14
FNH:0
FNDA:0,(anonymous_0)
FNDA:0,(anonymous_1)
FNDA:0,(anonymous_2)
FNDA:0,(anonymous_3)
FNDA:0,(anonymous_4)
FNDA:0,(anonymous_5)
FNDA:0,(anonymous_6)
FNDA:0,(anonymous_7)
FNDA:0,(anonymous_8)
FNDA:0,(anonymous_9)
FNDA:0,(anonymous_10)
FNDA:0,(anonymous_11)
FNDA:0,(anonymous_12)
FNDA:0,(anonymous_13)
DA:43,0
DA:44,0
DA:45,0
DA:46,0
DA:47,0
DA:48,0
DA:50,0
DA:51,0
DA:53,0
DA:54,0
DA:57,0
DA:58,0
DA:66,0
DA:67,0
DA:70,0
DA:71,0
DA:72,0
DA:75,0
DA:77,0
DA:83,0
DA:84,0
DA:90,0
DA:92,0
DA:93,0
DA:95,0
DA:102,0
DA:107,0
DA:116,0
DA:124,0
DA:126,0
DA:138,0
DA:140,0
DA:142,0
DA:144,0
DA:146,0
DA:147,0
DA:149,0
DA:151,0
DA:154,0
DA:163,0
DA:198,0
DA:209,0
DA:221,0
DA:231,0
DA:242,0
DA:245,0
LF:46
LH:0
BRDA:66,0,0,0
BRDA:66,0,1,0
BRDA:70,1,0,0
BRDA:70,1,1,0
BRDA:129,2,0,0
BRDA:129,2,1,0
BRDA:146,3,0,0
BRDA:146,3,1,0
BRDA:166,4,0,0
BRDA:166,4,1,0
BRF:10
BRH:0
end_of_record
TN:
SF:/media/andredezzy/Synchronized/Programming/GitHub Projects/Personal Projects/rocketseat-gostack/gobarber/mobile/src/pages/SignIn/index.tsx
FN:41,(anonymous_0)
FN:50,(anonymous_1)
FN:116,(anonymous_2)
FN:126,(anonymous_3)
FN:129,(anonymous_4)
FN:134,(anonymous_5)
FN:141,(anonymous_6)
FNF:7
FNH:1
FNDA:1,(anonymous_0)
FNDA:0,(anonymous_1)
FNDA:0,(anonymous_2)
FNDA:0,(anonymous_3)
FNDA:0,(anonymous_4)
FNDA:0,(anonymous_5)
FNDA:0,(anonymous_6)
DA:41,1
DA:42,1
DA:43,1
DA:45,1
DA:47,1
DA:49,1
DA:51,0
DA:52,0
DA:54,0
DA:61,0
DA:63,0
DA:68,0
DA:69,0
DA:71,0
DA:73,0
DA:76,0
DA:85,1
DA:116,0
DA:126,0
DA:129,0
DA:141,0
LF:21
LH:7
BRDA:68,0,0,0
BRDA:68,0,1,0
BRDA:89,1,0,1
BRDA:89,1,1,0
BRF:4
BRH:1
end_of_record
TN:
SF:/media/andredezzy/Synchronized/Programming/GitHub Projects/Personal Projects/rocketseat-gostack/gobarber/mobile/src/pages/SignUp/index.tsx
FN:33,(anonymous_0)
FN:41,(anonymous_1)
FN:110,(anonymous_2)
FN:121,(anonymous_3)
FN:131,(anonymous_4)
FN:134,(anonymous_5)
FN:142,(anonymous_6)
FNF:7
FNH:0
FNDA:0,(anonymous_0)
FNDA:0,(anonymous_1)
FNDA:0,(anonymous_2)
FNDA:0,(anonymous_3)
FNDA:0,(anonymous_4)
FNDA:0,(anonymous_5)
FNDA:0,(anonymous_6)
DA:33,0
DA:34,0
DA:35,0
DA:36,0
DA:38,0
DA:40,0
DA:42,0
DA:43,0
DA:45,0
DA:53,0
DA:55,0
DA:57,0
DA:62,0
DA:64,0
DA:65,0
DA:67,0
DA:69,0
DA:72,0
DA:81,0
DA:110,0
DA:121,0
DA:131,0
DA:134,0
DA:142,0
LF:24
LH:0
BRDA:64,0,0,0
BRDA:64,0,1,0
BRDA:85,1,0,0
BRDA:85,1,1,0
BRF:4
BRH:0
end_of_record
